Arguments: 
  C:\Program Files\nodejs\node.exe C:\Program Files (x86)\Yarn\bin\yarn.js

PATH: 
  C:\Program Files\Git\mingw64\bin;C:\Program Files\Git\usr\bin;C:\Users\faridhamida.DESKTOP-D13ATGT\bin;C:\Python38\Scripts;C:\Python38;C:\Python27;C:\Python27\Scripts;C:\Program Files (x86)\Razer\ChromaBroadcast\bin;C:\Program Files\Razer\ChromaBroadcast\bin;C:\Windows\system32;C:\Windows;C:\Windows\System32\Wbem;C:\Windows\System32\WindowsPowerShell\v1.0;C:\Windows\System32\OpenSSH;C:\Program Files (x86)\NVIDIA Corporation\PhysX\Common;C:\Program Files\Microsoft VS Code\bin;C:\Program Files (x86)\Intel\Intel(R) Management Engine Components\DAL;C:\Program Files\Intel\Intel(R) Management Engine Components\DAL;C:\Windows\system32\config\systemprofile\AppData\Local\Microsoft\WindowsApps;C:\ProgramData\chocolatey\bin;C:\Program Files\nodejs;C:\Program Files (x86)\Yarn\bin;C:\Users\faridhamida.DESKTOP-D13ATGT\AppData\Roaming\Python\Python38\Scripts;C:\Program Files\Git\cmd;C:\Users\faridhamida.DESKTOP-D13ATGT\AppData\Local\Microsoft\WindowsApps;C:\Users\faridhamida.DESKTOP-D13ATGT\AppData\Local\Yarn\bin;C:\Program Files\heroku\bin

Yarn version: 
  1.22.0

Node version: 
  12.16.1

Platform: 
  win32 x64

Trace: 
  Error: EPERM: operation not permitted, unlink 'C:\Users\faridhamida.DESKTOP-D13ATGT\Desktop\Personal-Projects\job-saver-fe\job-saver\node_modules\invariant\node_modules\.bin'

npm manifest: 
  {
    "name": "job-saver",
    "version": "0.1.0",
    "private": true,
    "dependencies": {
      "@craco/craco": "^5.6.4",
      "@okta/okta-auth-js": "^4.0.0",
      "@okta/okta-signin-widget": "^4.4.0",
      "@semantic-ui-react/craco-less": "^1.2.1",
      "@testing-library/jest-dom": "^4.2.4",
      "@testing-library/react": "^9.3.2",
      "@testing-library/user-event": "^7.1.2",
      "@types/chrome": "0.0.122",
      "@types/jest": "^24.0.0",
      "@types/node": "^12.12.54",
      "@types/react-redux": "^7.1.9",
      "@types/redux-logger": "^3.0.8",
      "@types/store": "^2.0.2",
      "@types/styled-components": "^5.1.1",
      "react": "^16.13.1",
      "react-beautiful-dnd": "^13.0.0",
      "react-calendar": "^3.1.0",
      "react-dom": "^16.13.1",
      "react-ga": "^3.1.2",
      "react-google-login": "^5.1.21",
      "react-map-gl": "^5.2.7",
      "react-redux": "^7.2.0",
      "react-router": "^5.2.0",
      "react-router-dom": "^5.2.0",
      "react-scripts": "^3.4.3",
      "redux": "^4.0.5",
      "redux-devtools-extension": "^2.13.8",
      "redux-logger": "^3.0.6",
      "redux-thunk": "^2.3.0",
      "semantic-ui-less": "^2.4.1",
      "semantic-ui-react": "^0.88.2",
      "store": "^2.0.12",
      "styled-components": "^5.1.1",
      "ts-jest": "^26.1.2",
      "typescript": "~3.7.2"
    },
    "scripts": {
      "start": "craco start",
      "build": "craco build",
      "test": "jest --watch",
      "eject": "craco eject",
      "lint": "tslint --project",
      "coverage": "CI=true npm run test -- --coverage --watchAll=false || true"
    },
    "eslintConfig": {
      "extends": "react-app"
    },
    "browserslist": {
      "production": [
        ">0.2%",
        "not dead",
        "not op_mini all"
      ],
      "development": [
        "last 1 chrome version",
        "last 1 firefox version",
        "last 1 safari version"
      ]
    },
    "devDependencies": {
      "@types/react": "^16.9.48",
      "@types/react-dom": "^16.9.8",
      "@types/react-router": "^5.1.8",
      "@types/react-router-dom": "^5.1.5",
      "@types/semantic-ui": "^2.2.7",
      "husky": "^4.2.5",
      "identity-obj-proxy": "^3.0.0",
      "lint-staged": "^10.2.13",
      "prettier": "^2.1.1",
      "redux-mock-store": "^1.5.4",
      "tslint": "^6.1.3",
      "tslint-config-prettier": "^1.18.0",
      "tslint-react": "^5.0.0"
    }
  }

yarn manifest: 
  No manifest

Lockfile: 
  No lockfile
